c:\users\usuario\desktop\magicgolens\magicgolens\x64\release\magicgolens.pch
c:\users\usuario\desktop\magicgolens\magicgolens\x64\release\vc142.pdb
c:\users\usuario\desktop\magicgolens\magicgolens\x64\release\stdafx.obj
c:\users\usuario\desktop\magicgolens\magicgolens\x64\release\gerenciadorgrafico.obj
c:\users\usuario\desktop\magicgolens\magicgolens\x64\release\gerenciadorestado.obj
c:\users\usuario\desktop\magicgolens\magicgolens\x64\release\gerenciadorcolisoes.obj
c:\users\usuario\desktop\magicgolens\magicgolens\x64\release\gerenciadoratualizacoes.obj
c:\users\usuario\desktop\magicgolens\magicgolens\x64\release\fogo.obj
c:\users\usuario\desktop\magicgolens\magicgolens\x64\release\fasepedra.obj
c:\users\usuario\desktop\magicgolens\magicgolens\x64\release\fasegelo.obj
c:\users\usuario\desktop\magicgolens\magicgolens\x64\release\fasefogo.obj
c:\users\usuario\desktop\magicgolens\magicgolens\x64\release\fase.obj
c:\users\usuario\desktop\magicgolens\magicgolens\x64\release\estalactite.obj
c:\users\usuario\desktop\magicgolens\magicgolens\x64\release\espinho.obj
c:\users\usuario\desktop\magicgolens\magicgolens\x64\release\entidade.obj
c:\users\usuario\desktop\magicgolens\magicgolens\x64\release\cristalgelo.obj
c:\users\usuario\desktop\magicgolens\magicgolens\x64\release\chefao.obj
c:\users\usuario\desktop\magicgolens\magicgolens\x64\release\bloco.obj
c:\users\usuario\desktop\magicgolens\magicgolens\x64\release\atirador.obj
c:\users\usuario\desktop\magicgolens\magicgolens\x64\release\arremessavel.obj
c:\users\usuario\desktop\magicgolens\magicgolens\x64\release\areia.obj
c:\users\usuario\desktop\magicgolens\magicgolens\x64\release\ar.obj
c:\users\usuario\desktop\magicgolens\magicgolens\x64\release\anjo.obj
c:\users\usuario\desktop\magicgolens\magicgolens\x64\release\personagem.obj
c:\users\usuario\desktop\magicgolens\magicgolens\x64\release\orbe.obj
c:\users\usuario\desktop\magicgolens\magicgolens\x64\release\obstaculo.obj
c:\users\usuario\desktop\magicgolens\magicgolens\x64\release\menupause.obj
c:\users\usuario\desktop\magicgolens\magicgolens\x64\release\menujogadores.obj
c:\users\usuario\desktop\magicgolens\magicgolens\x64\release\menuinicial.obj
c:\users\usuario\desktop\magicgolens\magicgolens\x64\release\menufases.obj
c:\users\usuario\desktop\magicgolens\magicgolens\x64\release\menu.obj
c:\users\usuario\desktop\magicgolens\magicgolens\x64\release\mapa.obj
c:\users\usuario\desktop\magicgolens\magicgolens\x64\release\mago.obj
c:\users\usuario\desktop\magicgolens\magicgolens\x64\release\magicgolens.obj
c:\users\usuario\desktop\magicgolens\magicgolens\x64\release\listaentidades.obj
c:\users\usuario\desktop\magicgolens\magicgolens\x64\release\leaderboard.obj
c:\users\usuario\desktop\magicgolens\magicgolens\x64\release\jogo.obj
c:\users\usuario\desktop\magicgolens\magicgolens\x64\release\jogador.obj
c:\users\usuario\desktop\magicgolens\magicgolens\x64\release\inimigo.obj
c:\users\usuario\desktop\magicgolens\magicgolens\x64\release\golempedra.obj
c:\users\usuario\desktop\magicgolens\magicgolens\x64\release\golemfogo.obj
c:\users\usuario\desktop\magicgolens\magicgolens\x64\release\golemgelo.obj
c:\users\usuario\desktop\magicgolens\magicgolens\x64\release\gerenciadormapa.obj
c:\users\usuario\desktop\magicgolens\magicgolens\x64\release\tile.obj
c:\users\usuario\desktop\magicgolens\magicgolens\x64\release\textbox.obj
c:\users\usuario\desktop\magicgolens\magicgolens\x64\release\porta.obj
c:\users\usuario\desktop\magicgolens\magicgolens\release\magicgolens.exe
c:\users\usuario\desktop\magicgolens\magicgolens\release\magicgolens.pdb
c:\users\usuario\desktop\magicgolens\magicgolens\release\magicgolens.ipdb
c:\users\usuario\desktop\magicgolens\magicgolens\release\magicgolens.iobj
c:\users\usuario\desktop\magicgolens\magicgolens\x64\release\magicgolens.tlog\cl.command.1.tlog
c:\users\usuario\desktop\magicgolens\magicgolens\x64\release\magicgolens.tlog\cl.read.1.tlog
c:\users\usuario\desktop\magicgolens\magicgolens\x64\release\magicgolens.tlog\cl.write.1.tlog
c:\users\usuario\desktop\magicgolens\magicgolens\x64\release\magicgolens.tlog\link.command.1.tlog
c:\users\usuario\desktop\magicgolens\magicgolens\x64\release\magicgolens.tlog\link.read.1.tlog
c:\users\usuario\desktop\magicgolens\magicgolens\x64\release\magicgolens.tlog\link.write.1.tlog
c:\users\usuario\desktop\magicgolens\magicgolens\x64\release\magicgolens.tlog\magicgolens.write.1u.tlog
